{"C:\\Desarrollo\\REACT-CURSO-UDEMY-Fernando Herrera\\02-first-Steps\\src\\FirstStepsApp.tsx": {"path":"C:\\Desarrollo\\REACT-CURSO-UDEMY-Fernando Herrera\\02-first-Steps\\src\\FirstStepsApp.tsx","statementMap":{"0":{"start":{"line":8,"column":34},"end":{"line":13,"column":null}},"1":{"start":{"line":16,"column":4},"end":{"line":31,"column":null}},"2":{"start":{"line":27,"column":20},"end":{"line":27,"column":null}}},"fnMap":{"0":{"name":"FirstStepsApp","decl":{"start":{"line":15,"column":16},"end":{"line":15,"column":32}},"loc":{"start":{"line":15,"column":32},"end":{"line":33,"column":null}},"line":15},"1":{"name":"(anonymous_1)","decl":{"start":{"line":26,"column":28},"end":{"line":26,"column":33}},"loc":{"start":{"line":27,"column":20},"end":{"line":27,"column":null}},"line":27}},"branchMap":{},"s":{"0":1,"1":3,"2":12},"f":{"0":3,"1":12},"b":{},"meta":{"lastBranch":0,"lastFunction":2,"lastStatement":3,"seen":{"s:8:34:13:Infinity":0,"f:15:16:15:32":0,"s:16:4:31:Infinity":1,"f:26:28:26:33":1,"s:27:20:27:Infinity":2},"fnNames":{}}}
,"C:\\Desarrollo\\REACT-CURSO-UDEMY-Fernando Herrera\\02-first-Steps\\src\\MyAwesomeApp.tsx": {"path":"C:\\Desarrollo\\REACT-CURSO-UDEMY-Fernando Herrera\\02-first-Steps\\src\\MyAwesomeApp.tsx","statementMap":{"0":{"start":{"line":4,"column":18},"end":{"line":4,"column":null}},"1":{"start":{"line":5,"column":17},"end":{"line":5,"column":null}},"2":{"start":{"line":7,"column":22},"end":{"line":7,"column":null}},"3":{"start":{"line":8,"column":17},"end":{"line":8,"column":null}},"4":{"start":{"line":10,"column":16},"end":{"line":13,"column":null}},"5":{"start":{"line":17,"column":32},"end":{"line":22,"column":null}},"6":{"start":{"line":24,"column":13},"end":{"line":38,"column":null}},"7":{"start":{"line":25,"column":4},"end":{"line":36,"column":null}}},"fnMap":{"0":{"name":"(anonymous_0)","decl":{"start":{"line":24,"column":13},"end":{"line":24,"column":34}},"loc":{"start":{"line":24,"column":34},"end":{"line":38,"column":null}},"line":24}},"branchMap":{"0":{"loc":{"start":{"line":19,"column":18},"end":{"line":19,"column":null}},"type":"cond-expr","locations":[{"start":{"line":19,"column":29},"end":{"line":19,"column":34}},{"start":{"line":19,"column":34},"end":{"line":19,"column":null}}],"line":19},"1":{"loc":{"start":{"line":33,"column":17},"end":{"line":33,"column":55}},"type":"cond-expr","locations":[{"start":{"line":33,"column":28},"end":{"line":33,"column":39}},{"start":{"line":33,"column":39},"end":{"line":33,"column":55}}],"line":33}},"s":{"0":1,"1":1,"2":1,"3":1,"4":1,"5":1,"6":1,"7":4},"f":{"0":4},"b":{"0":[0,1],"1":[0,4]},"meta":{"lastBranch":2,"lastFunction":1,"lastStatement":8,"seen":{"s:4:18:4:Infinity":0,"s:5:17:5:Infinity":1,"s:7:22:7:Infinity":2,"s:8:17:8:Infinity":3,"s:10:16:13:Infinity":4,"s:17:32:22:Infinity":5,"b:19:29:19:34:19:34:19:Infinity":0,"s:24:13:38:Infinity":6,"f:24:13:24:34":0,"s:25:4:36:Infinity":7,"b:33:28:33:39:33:39:33:55":1},"fnNames":{}}}
,"C:\\Desarrollo\\REACT-CURSO-UDEMY-Fernando Herrera\\02-first-Steps\\src\\helpers\\math.helper.ts": {"path":"C:\\Desarrollo\\REACT-CURSO-UDEMY-Fernando Herrera\\02-first-Steps\\src\\helpers\\math.helper.ts","statementMap":{"0":{"start":{"line":2,"column":13},"end":{"line":5,"column":null}},"1":{"start":{"line":4,"column":4},"end":{"line":4,"column":null}},"2":{"start":{"line":7,"column":13},"end":{"line":9,"column":null}},"3":{"start":{"line":8,"column":4},"end":{"line":8,"column":null}},"4":{"start":{"line":11,"column":13},"end":{"line":13,"column":null}},"5":{"start":{"line":12,"column":4},"end":{"line":12,"column":null}},"6":{"start":{"line":15,"column":13},"end":{"line":17,"column":null}},"7":{"start":{"line":16,"column":4},"end":{"line":16,"column":null}}},"fnMap":{"0":{"name":"(anonymous_0)","decl":{"start":{"line":2,"column":13},"end":{"line":2,"column":20}},"loc":{"start":{"line":2,"column":43},"end":{"line":5,"column":null}},"line":2},"1":{"name":"(anonymous_1)","decl":{"start":{"line":7,"column":13},"end":{"line":7,"column":26}},"loc":{"start":{"line":7,"column":49},"end":{"line":9,"column":null}},"line":7},"2":{"name":"(anonymous_2)","decl":{"start":{"line":11,"column":13},"end":{"line":11,"column":25}},"loc":{"start":{"line":11,"column":48},"end":{"line":13,"column":null}},"line":11},"3":{"name":"(anonymous_3)","decl":{"start":{"line":15,"column":13},"end":{"line":15,"column":23}},"loc":{"start":{"line":15,"column":46},"end":{"line":17,"column":null}},"line":15}},"branchMap":{},"s":{"0":1,"1":2,"2":1,"3":2,"4":1,"5":2,"6":1,"7":1},"f":{"0":2,"1":2,"2":2,"3":1},"b":{},"meta":{"lastBranch":0,"lastFunction":4,"lastStatement":8,"seen":{"s:2:13:5:Infinity":0,"f:2:13:2:20":0,"s:4:4:4:Infinity":1,"s:7:13:9:Infinity":2,"f:7:13:7:26":1,"s:8:4:8:Infinity":3,"s:11:13:13:Infinity":4,"f:11:13:11:25":2,"s:12:4:12:Infinity":5,"s:15:13:17:Infinity":6,"f:15:13:15:23":3,"s:16:4:16:Infinity":7},"fnNames":{}}}
,"C:\\Desarrollo\\REACT-CURSO-UDEMY-Fernando Herrera\\02-first-Steps\\src\\shopping-cart\\ItemCounter.tsx": {"path":"C:\\Desarrollo\\REACT-CURSO-UDEMY-Fernando Herrera\\02-first-Steps\\src\\shopping-cart\\ItemCounter.tsx","statementMap":{"0":{"start":{"line":14,"column":13},"end":{"line":56,"column":null}},"1":{"start":{"line":16,"column":30},"end":{"line":16,"column":null}},"2":{"start":{"line":22,"column":10},"end":{"line":24,"column":null}},"3":{"start":{"line":23,"column":8},"end":{"line":23,"column":null}},"4":{"start":{"line":26,"column":10},"end":{"line":30,"column":null}},"5":{"start":{"line":27,"column":8},"end":{"line":28,"column":null}},"6":{"start":{"line":28,"column":12},"end":{"line":28,"column":null}},"7":{"start":{"line":29,"column":8},"end":{"line":29,"column":null}},"8":{"start":{"line":33,"column":4},"end":{"line":54,"column":null}}},"fnMap":{"0":{"name":"(anonymous_0)","decl":{"start":{"line":14,"column":13},"end":{"line":14,"column":28}},"loc":{"start":{"line":14,"column":62},"end":{"line":56,"column":null}},"line":14},"1":{"name":"(anonymous_1)","decl":{"start":{"line":22,"column":10},"end":{"line":22,"column":28}},"loc":{"start":{"line":22,"column":28},"end":{"line":24,"column":null}},"line":22},"2":{"name":"(anonymous_2)","decl":{"start":{"line":26,"column":10},"end":{"line":26,"column":34}},"loc":{"start":{"line":26,"column":34},"end":{"line":30,"column":null}},"line":26}},"branchMap":{"0":{"loc":{"start":{"line":14,"column":36},"end":{"line":14,"column":62}},"type":"default-arg","locations":[{"start":{"line":14,"column":47},"end":{"line":14,"column":62}}],"line":14},"1":{"loc":{"start":{"line":27,"column":8},"end":{"line":28,"column":null}},"type":"if","locations":[{"start":{"line":27,"column":8},"end":{"line":28,"column":null}},{"start":{},"end":{}}],"line":27},"2":{"loc":{"start":{"line":46,"column":27},"end":{"line":46,"column":null}},"type":"cond-expr","locations":[{"start":{"line":46,"column":41},"end":{"line":46,"column":49}},{"start":{"line":46,"column":49},"end":{"line":46,"column":null}}],"line":46}},"s":{"0":1,"1":9,"2":9,"3":1,"4":9,"5":2,"6":1,"7":1,"8":9},"f":{"0":9,"1":1,"2":2},"b":{"0":[9],"1":[1,1],"2":[4,5]},"meta":{"lastBranch":3,"lastFunction":3,"lastStatement":9,"seen":{"s:14:13:56:Infinity":0,"f:14:13:14:28":0,"b:14:47:14:62":0,"s:16:30:16:Infinity":1,"s:22:10:24:Infinity":2,"f:22:10:22:28":1,"s:23:8:23:Infinity":3,"s:26:10:30:Infinity":4,"f:26:10:26:34":2,"b:27:8:28:Infinity:undefined:undefined:undefined:undefined":1,"s:27:8:28:Infinity":5,"s:28:12:28:Infinity":6,"s:29:8:29:Infinity":7,"s:33:4:54:Infinity":8,"b:46:41:46:49:46:49:46:Infinity":2},"fnNames":{}}}
,"C:\\Desarrollo\\REACT-CURSO-UDEMY-Fernando Herrera\\02-first-Steps\\src\\shopping-cart\\itemCounter.module.css": {"path":"C:\\Desarrollo\\REACT-CURSO-UDEMY-Fernando Herrera\\02-first-Steps\\src\\shopping-cart\\itemCounter.module.css","statementMap":{},"fnMap":{},"branchMap":{},"s":{},"f":{},"b":{},"meta":{"lastBranch":0,"lastFunction":0,"lastStatement":0,"seen":{},"fnNames":{}}}
}
